<?xml version="1.0" encoding="utf-8"?><testsuites name="pytest tests"><testsuite name="pytest" errors="0" failures="0" skipped="0" tests="19" time="2.855" timestamp="2026-04-06T10:13:54.254778+00:00" hostname="agent-env-eb79e4f9-54aa-4d30-9685-a50aae3eb812"><testcase classname="backend.tests.test_v3_cases.TestCasesAPI" name="test_today_cases_returns_3" time="0.613" /><testcase classname="backend.tests.test_v3_cases.TestCasesAPI" name="test_today_cases_have_expected_names" time="0.100" /><testcase classname="backend.tests.test_v3_cases.TestCasesAPI" name="test_today_cases_have_villages" time="0.131" /><testcase classname="backend.tests.test_v3_cases.TestCasesAPI" name="test_upcoming_cases_returns_2" time="0.140" /><testcase classname="backend.tests.test_v3_cases.TestCasesAPI" name="test_upcoming_cases_have_expected_names" time="0.102" /><testcase classname="backend.tests.test_v3_cases.TestCasesAPI" name="test_pending_cases_returns_1" time="0.114" /><testcase classname="backend.tests.test_v3_cases.TestCasesAPI" name="test_pending_has_kavitha" time="0.118" /><testcase classname="backend.tests.test_v3_cases.TestCasesAPI" name="test_closed_cases_returns_cases" time="0.096" /><testcase classname="backend.tests.test_v3_cases.TestCasesAPI" name="test_cases_have_required_fields" time="0.136" /><testcase classname="backend.tests.test_v3_cases.TestCasesAPI" name="test_close_case" time="0.201" /><testcase classname="backend.tests.test_v3_cases.TestLedgerAPI" name="test_ledger_outstanding_returns_data" time="0.101" /><testcase classname="backend.tests.test_v3_cases.TestLedgerAPI" name="test_ledger_total_outstanding_3500" time="0.130" /><testcase classname="backend.tests.test_v3_cases.TestLedgerAPI" name="test_ledger_has_sunita_devi" time="0.139" /><testcase classname="backend.tests.test_v3_cases.TestLedgerAPI" name="test_ledger_period_month" time="0.098" /><testcase classname="backend.tests.test_v3_cases.TestLedgerAPI" name="test_ledger_period_week" time="0.100" /><testcase classname="backend.tests.test_v3_cases.TestVillagesAPI" name="test_villages_returns_list" time="0.091" /><testcase classname="backend.tests.test_v3_cases.TestVillagesAPI" name="test_villages_has_expected_values" time="0.105" /><testcase classname="backend.tests.test_v3_cases.TestDashboardStats" name="test_dashboard_stats_returns_all_fields" time="0.128" /><testcase classname="backend.tests.test_v3_cases.TestDashboardStats" name="test_dashboard_today_cases_count" time="0.107" /></testsuite></testsuites>