<?xml version="1.0" encoding="utf-8"?><testsuites name="pytest tests"><testsuite name="pytest" errors="0" failures="0" skipped="0" tests="14" time="2.865" timestamp="2026-04-10T11:07:42.826133+00:00" hostname="agent-env-eb79e4f9-54aa-4d30-9685-a50aae3eb812"><testcase classname="backend.tests.test_v4_features.TestReports" name="test_animal_type_report_month" time="0.703" /><testcase classname="backend.tests.test_v4_features.TestReports" name="test_animal_type_report_week" time="0.144" /><testcase classname="backend.tests.test_v4_features.TestReports" name="test_animal_type_report_year" time="0.136" /><testcase classname="backend.tests.test_v4_features.TestReports" name="test_animal_type_report_day" time="0.106" /><testcase classname="backend.tests.test_v4_features.TestReports" name="test_visit_reason_report" time="0.098" /><testcase classname="backend.tests.test_v4_features.TestReports" name="test_forwards_report" time="0.161" /><testcase classname="backend.tests.test_v4_features.TestReports" name="test_report_unauthorized" time="0.104" /><testcase classname="backend.tests.test_v4_features.TestAdminPanel" name="test_admin_summary" time="0.475" /><testcase classname="backend.tests.test_v4_features.TestAdminPanel" name="test_admin_users_list" time="0.126" /><testcase classname="backend.tests.test_v4_features.TestAdminPanel" name="test_admin_payment_submissions" time="0.110" /><testcase classname="backend.tests.test_v4_features.TestAdminPanel" name="test_admin_coupons_list" time="0.158" /><testcase classname="backend.tests.test_v4_features.TestAdminPanel" name="test_admin_endpoints_blocked_for_vet" time="0.120" /><testcase classname="backend.tests.test_v4_features.TestAdminPanel" name="test_admin_users_blocked_for_vet" time="0.106" /><testcase classname="backend.tests.test_v4_features.TestSubscription" name="test_submit_utr" time="0.137" /></testsuite></testsuites>