<?xml version="1.0" encoding="utf-8"?><testsuites name="pytest tests"><testsuite name="pytest" errors="0" failures="0" skipped="0" tests="9" time="2.920" timestamp="2026-09-07T16:09:14.395874+00:00" hostname="agent-env-eb79e4f9-54aa-4d30-9685-a50aae3eb812"><testcase classname="backend.tests.test_timezone_fix.TestTomorrowCase" name="test_create_tomorrow_case" time="0.819" /><testcase classname="backend.tests.test_timezone_fix.TestTomorrowCase" name="test_tomorrow_case_not_in_today" time="0.192" /><testcase classname="backend.tests.test_timezone_fix.TestTomorrowCase" name="test_tomorrow_case_in_upcoming" time="0.155" /><testcase classname="backend.tests.test_timezone_fix.TestTodayCase" name="test_create_today_case" time="0.202" /><testcase classname="backend.tests.test_timezone_fix.TestTodayCase" name="test_today_case_in_today" time="0.192" /><testcase classname="backend.tests.test_timezone_fix.TestTodayCase" name="test_today_case_not_in_upcoming" time="0.135" /><testcase classname="backend.tests.test_timezone_fix.TestYesterdayCase" name="test_create_yesterday_case" time="0.190" /><testcase classname="backend.tests.test_timezone_fix.TestYesterdayCase" name="test_yesterday_case_in_pending" time="0.284" /><testcase classname="backend.tests.test_timezone_fix.TestCleanup" name="test_delete_test_cases" time="0.505" /></testsuite></testsuites>