<?xml version="1.0" encoding="utf-8"?><testsuites name="pytest tests"><testsuite name="pytest" errors="0" failures="0" skipped="0" tests="14" time="2.550" timestamp="2026-04-05T19:34:37.845967+00:00" hostname="agent-env-eb79e4f9-54aa-4d30-9685-a50aae3eb812"><testcase classname="backend.tests.test_animitra.TestHealth" name="test_api_root" time="0.311" /><testcase classname="backend.tests.test_animitra.TestAuth" name="test_admin_login_success" time="0.281" /><testcase classname="backend.tests.test_animitra.TestAuth" name="test_login_wrong_password" time="0.286" /><testcase classname="backend.tests.test_animitra.TestAuth" name="test_register_new_vet" time="0.279" /><testcase classname="backend.tests.test_animitra.TestAuth" name="test_register_duplicate_mobile" time="0.272" /><testcase classname="backend.tests.test_animitra.TestAuth" name="test_unactivated_vet_cannot_login" time="0.273" /><testcase classname="backend.tests.test_animitra.TestAuth" name="test_me_endpoint" time="0.324" /><testcase classname="backend.tests.test_animitra.TestLocation" name="test_get_states" time="0.053" /><testcase classname="backend.tests.test_animitra.TestLocation" name="test_get_districts_tamil_nadu" time="0.053" /><testcase classname="backend.tests.test_animitra.TestLocation" name="test_get_taluks" time="0.065" /><testcase classname="backend.tests.test_animitra.TestCoupons" name="test_list_coupons_admin" time="0.069" /><testcase classname="backend.tests.test_animitra.TestCoupons" name="test_coupons_requires_admin" time="0.051" /><testcase classname="backend.tests.test_animitra.TestDashboard" name="test_dashboard_stats_admin" time="0.055" /><testcase classname="backend.tests.test_animitra.TestDashboard" name="test_dashboard_requires_auth" time="0.047" /></testsuite></testsuites>