<?xml version="1.0" encoding="utf-8"?><testsuites name="pytest tests"><testsuite name="pytest" errors="0" failures="0" skipped="0" tests="9" time="2.618" timestamp="2026-05-11T22:03:41.078936+00:00" hostname="agent-env-eb79e4f9-54aa-4d30-9685-a50aae3eb812"><testcase classname="backend.tests.test_v5_features.TestRegistrationFlow" name="test_register_returns_trial" time="0.604" /><testcase classname="backend.tests.test_v5_features.TestRegistrationFlow" name="test_demo_login_no_trial" time="0.356" /><testcase classname="backend.tests.test_v5_features.TestTopPerformers" name="test_top_performers_returns_by_cases" time="0.541" /><testcase classname="backend.tests.test_v5_features.TestTopPerformers" name="test_top_performers_by_cases_sorted" time="0.218" /><testcase classname="backend.tests.test_v5_features.TestTopPerformers" name="test_top_performers_by_earnings_sorted" time="0.152" /><testcase classname="backend.tests.test_v5_features.TestTopPerformers" name="test_top_performers_user_fields" time="0.128" /><testcase classname="backend.tests.test_v5_features.TestTopPerformers" name="test_top_performers_non_admin_blocked" time="0.153" /><testcase classname="backend.tests.test_v5_features.TestExportOwnerData" name="test_export_owner_data_returns_csv" time="0.176" /><testcase classname="backend.tests.test_v5_features.TestExportOwnerData" name="test_export_owner_data_non_admin_blocked" time="0.130" /></testsuite></testsuites>